<?xml version="1.0" encoding="UTF-8"?>
<testng-results ignored="0" total="1" passed="1" failed="0" skipped="0">
  <reporter-output>
  </reporter-output>
  <suite started-at="2023-12-18T11:05:37 IST" name="Default suite" finished-at="2023-12-18T11:05:50 IST" duration-ms="12327">
    <groups>
    </groups>
    <test started-at="2023-12-18T11:05:37 IST" name="Default test" finished-at="2023-12-18T11:05:50 IST" duration-ms="12327">
      <class name="practice.contactTest">
        <test-method signature="test1()[pri:0, instance:practice.contactTest@3b69e7d1]" started-at="2023-12-18T11:05:37 IST" name="test1" finished-at="2023-12-18T11:05:50 IST" duration-ms="12232" status="PASS">
          <reporter-output>
          </reporter-output>
        </test-method> <!-- test1 -->
      </class> <!-- practice.contactTest -->
    </test> <!-- Default test -->
  </suite> <!-- Default suite -->
</testng-results>
